mode: set
gitlab.rebrainme.com/golang_users_repos/5266/fs-watcher/internal/pkg/dir-watcher/dir_whatcher.go:33.56,37.2 1 1
gitlab.rebrainme.com/golang_users_repos/5266/fs-watcher/internal/pkg/dir-watcher/dir_whatcher.go:39.51,41.12 2 1
gitlab.rebrainme.com/golang_users_repos/5266/fs-watcher/internal/pkg/dir-watcher/dir_whatcher.go:41.12,44.17 3 1
gitlab.rebrainme.com/golang_users_repos/5266/fs-watcher/internal/pkg/dir-watcher/dir_whatcher.go:44.17,49.4 2 0
gitlab.rebrainme.com/golang_users_repos/5266/fs-watcher/internal/pkg/dir-watcher/dir_whatcher.go:50.3,64.17 5 1
gitlab.rebrainme.com/golang_users_repos/5266/fs-watcher/internal/pkg/dir-watcher/dir_whatcher.go:64.17,69.4 2 0
gitlab.rebrainme.com/golang_users_repos/5266/fs-watcher/internal/pkg/dir-watcher/dir_whatcher.go:70.3,72.7 2 1
gitlab.rebrainme.com/golang_users_repos/5266/fs-watcher/internal/pkg/dir-watcher/dir_whatcher.go:72.7,73.11 1 1
gitlab.rebrainme.com/golang_users_repos/5266/fs-watcher/internal/pkg/dir-watcher/dir_whatcher.go:74.22,75.15 1 0
gitlab.rebrainme.com/golang_users_repos/5266/fs-watcher/internal/pkg/dir-watcher/dir_whatcher.go:76.28,80.11 2 0
gitlab.rebrainme.com/golang_users_repos/5266/fs-watcher/internal/pkg/dir-watcher/dir_whatcher.go:84.2,84.21 1 1
gitlab.rebrainme.com/golang_users_repos/5266/fs-watcher/internal/pkg/dir-watcher/dir_whatcher.go:87.29,89.2 1 1
gitlab.rebrainme.com/golang_users_repos/5266/fs-watcher/internal/pkg/dir-watcher/dir_whatcher.go:91.58,93.16 2 1
gitlab.rebrainme.com/golang_users_repos/5266/fs-watcher/internal/pkg/dir-watcher/dir_whatcher.go:93.16,94.18 1 1
gitlab.rebrainme.com/golang_users_repos/5266/fs-watcher/internal/pkg/dir-watcher/dir_whatcher.go:94.18,94.37 1 1
gitlab.rebrainme.com/golang_users_repos/5266/fs-watcher/internal/pkg/dir-watcher/dir_whatcher.go:98.96,100.12 2 1
gitlab.rebrainme.com/golang_users_repos/5266/fs-watcher/internal/pkg/dir-watcher/dir_whatcher.go:100.12,103.7 3 1
gitlab.rebrainme.com/golang_users_repos/5266/fs-watcher/internal/pkg/dir-watcher/dir_whatcher.go:103.7,106.18 3 1
gitlab.rebrainme.com/golang_users_repos/5266/fs-watcher/internal/pkg/dir-watcher/dir_whatcher.go:106.18,109.5 2 0
gitlab.rebrainme.com/golang_users_repos/5266/fs-watcher/internal/pkg/dir-watcher/dir_whatcher.go:110.4,110.14 1 1
gitlab.rebrainme.com/golang_users_repos/5266/fs-watcher/internal/pkg/dir-watcher/dir_whatcher.go:110.14,111.13 1 0
gitlab.rebrainme.com/golang_users_repos/5266/fs-watcher/internal/pkg/dir-watcher/dir_whatcher.go:113.4,113.11 1 1
gitlab.rebrainme.com/golang_users_repos/5266/fs-watcher/internal/pkg/dir-watcher/dir_whatcher.go:114.22,115.11 1 0
gitlab.rebrainme.com/golang_users_repos/5266/fs-watcher/internal/pkg/dir-watcher/dir_whatcher.go:116.12,117.20 1 1
gitlab.rebrainme.com/golang_users_repos/5266/fs-watcher/internal/pkg/dir-watcher/dir_whatcher.go:117.20,124.64 7 1
gitlab.rebrainme.com/golang_users_repos/5266/fs-watcher/internal/pkg/dir-watcher/dir_whatcher.go:124.64,126.15 1 0
gitlab.rebrainme.com/golang_users_repos/5266/fs-watcher/internal/pkg/dir-watcher/dir_whatcher.go:128.6,128.13 1 1
gitlab.rebrainme.com/golang_users_repos/5266/fs-watcher/internal/pkg/dir-watcher/dir_whatcher.go:129.51,130.49 1 1
gitlab.rebrainme.com/golang_users_repos/5266/fs-watcher/internal/pkg/dir-watcher/dir_whatcher.go:133.49,134.49 1 1
gitlab.rebrainme.com/golang_users_repos/5266/fs-watcher/internal/pkg/dir-watcher/dir_whatcher.go:135.61,136.48 1 1
gitlab.rebrainme.com/golang_users_repos/5266/fs-watcher/internal/pkg/dir-watcher/dir_whatcher.go:137.51,138.55 1 1
gitlab.rebrainme.com/golang_users_repos/5266/fs-watcher/internal/pkg/dir-watcher/dir_whatcher.go:139.14,140.50 1 0
gitlab.rebrainme.com/golang_users_repos/5266/fs-watcher/internal/pkg/dir-watcher/dir_whatcher.go:142.6,143.34 2 1
gitlab.rebrainme.com/golang_users_repos/5266/fs-watcher/internal/pkg/dir-watcher/dir_whatcher.go:148.2,148.18 1 1
gitlab.rebrainme.com/golang_users_repos/5266/fs-watcher/internal/pkg/utils/utils.go:14.47,15.45 1 0
gitlab.rebrainme.com/golang_users_repos/5266/fs-watcher/internal/pkg/utils/utils.go:15.45,16.25 1 0
gitlab.rebrainme.com/golang_users_repos/5266/fs-watcher/internal/pkg/utils/utils.go:16.25,17.47 1 0
gitlab.rebrainme.com/golang_users_repos/5266/fs-watcher/internal/pkg/utils/utils.go:17.47,19.5 1 0
gitlab.rebrainme.com/golang_users_repos/5266/fs-watcher/internal/pkg/utils/utils.go:20.9,22.4 1 0
gitlab.rebrainme.com/golang_users_repos/5266/fs-watcher/internal/pkg/utils/utils.go:24.2,24.12 1 0
gitlab.rebrainme.com/golang_users_repos/5266/fs-watcher/internal/pkg/utils/utils.go:27.57,28.36 1 0
gitlab.rebrainme.com/golang_users_repos/5266/fs-watcher/internal/pkg/utils/utils.go:28.36,29.51 1 0
gitlab.rebrainme.com/golang_users_repos/5266/fs-watcher/internal/pkg/utils/utils.go:29.51,31.4 1 0
gitlab.rebrainme.com/golang_users_repos/5266/fs-watcher/internal/pkg/utils/utils.go:33.2,33.12 1 0
gitlab.rebrainme.com/golang_users_repos/5266/fs-watcher/internal/pkg/utils/utils.go:36.51,38.24 2 0
gitlab.rebrainme.com/golang_users_repos/5266/fs-watcher/internal/pkg/utils/utils.go:38.24,40.3 1 0
gitlab.rebrainme.com/golang_users_repos/5266/fs-watcher/internal/pkg/utils/utils.go:41.2,41.16 1 0
gitlab.rebrainme.com/golang_users_repos/5266/fs-watcher/internal/pkg/utils/utils.go:41.16,43.3 1 0
gitlab.rebrainme.com/golang_users_repos/5266/fs-watcher/internal/pkg/utils/utils.go:44.2,44.12 1 0
gitlab.rebrainme.com/golang_users_repos/5266/fs-watcher/internal/pkg/utils/utils.go:47.50,49.2 1 0
gitlab.rebrainme.com/golang_users_repos/5266/fs-watcher/internal/pkg/utils/utils.go:51.33,53.2 1 0
gitlab.rebrainme.com/golang_users_repos/5266/fs-watcher/internal/pkg/utils/utils.go:55.34,57.2 1 0
gitlab.rebrainme.com/golang_users_repos/5266/fs-watcher/internal/pkg/utils/utils.go:59.46,61.2 1 0
gitlab.rebrainme.com/golang_users_repos/5266/fs-watcher/internal/pkg/utils/utils.go:63.44,65.2 1 0
gitlab.rebrainme.com/golang_users_repos/5266/fs-watcher/internal/pkg/utils/utils.go:67.56,69.2 1 0
gitlab.rebrainme.com/golang_users_repos/5266/fs-watcher/internal/pkg/utils/utils.go:71.36,73.16 2 0
gitlab.rebrainme.com/golang_users_repos/5266/fs-watcher/internal/pkg/utils/utils.go:73.16,75.3 1 0
gitlab.rebrainme.com/golang_users_repos/5266/fs-watcher/internal/pkg/utils/utils.go:76.2,76.15 1 0
gitlab.rebrainme.com/golang_users_repos/5266/fs-watcher/internal/pkg/utils/utils.go:76.15,77.35 1 0
gitlab.rebrainme.com/golang_users_repos/5266/fs-watcher/internal/pkg/utils/utils.go:77.35,85.4 1 0
gitlab.rebrainme.com/golang_users_repos/5266/fs-watcher/internal/pkg/utils/utils.go:87.2,87.12 1 0
gitlab.rebrainme.com/golang_users_repos/5266/fs-watcher/internal/pkg/utils/utils.go:90.41,92.2 1 0
gitlab.rebrainme.com/golang_users_repos/5266/fs-watcher/internal/pkg/utils/utils.go:94.47,96.2 1 0
gitlab.rebrainme.com/golang_users_repos/5266/fs-watcher/internal/pkg/utils/utils.go:98.62,100.16 2 0
gitlab.rebrainme.com/golang_users_repos/5266/fs-watcher/internal/pkg/utils/utils.go:100.16,102.3 1 0
gitlab.rebrainme.com/golang_users_repos/5266/fs-watcher/internal/pkg/utils/utils.go:103.2,103.15 1 0
gitlab.rebrainme.com/golang_users_repos/5266/fs-watcher/internal/pkg/utils/utils.go:103.15,104.41 1 0
gitlab.rebrainme.com/golang_users_repos/5266/fs-watcher/internal/pkg/utils/utils.go:104.41,112.4 1 0
gitlab.rebrainme.com/golang_users_repos/5266/fs-watcher/internal/pkg/utils/utils.go:114.2,115.16 2 0
gitlab.rebrainme.com/golang_users_repos/5266/fs-watcher/internal/pkg/utils/utils.go:115.16,117.3 1 0
gitlab.rebrainme.com/golang_users_repos/5266/fs-watcher/internal/pkg/utils/utils.go:118.2,118.15 1 0
gitlab.rebrainme.com/golang_users_repos/5266/fs-watcher/internal/pkg/utils/utils.go:118.15,119.41 1 0
gitlab.rebrainme.com/golang_users_repos/5266/fs-watcher/internal/pkg/utils/utils.go:119.41,127.4 1 0
gitlab.rebrainme.com/golang_users_repos/5266/fs-watcher/internal/pkg/utils/utils.go:129.2,129.52 1 0
gitlab.rebrainme.com/golang_users_repos/5266/fs-watcher/internal/pkg/utils/utils.go:129.52,131.3 1 0
gitlab.rebrainme.com/golang_users_repos/5266/fs-watcher/internal/pkg/utils/utils.go:132.2,132.23 1 0
gitlab.rebrainme.com/golang_users_repos/5266/fs-watcher/internal/pkg/utils/utils.go:135.59,137.16 2 0
gitlab.rebrainme.com/golang_users_repos/5266/fs-watcher/internal/pkg/utils/utils.go:137.16,139.3 1 0
gitlab.rebrainme.com/golang_users_repos/5266/fs-watcher/internal/pkg/utils/utils.go:140.2,141.51 2 0
gitlab.rebrainme.com/golang_users_repos/5266/fs-watcher/internal/pkg/utils/utils.go:141.51,143.3 1 0
gitlab.rebrainme.com/golang_users_repos/5266/fs-watcher/internal/pkg/utils/utils.go:144.2,144.12 1 0
gitlab.rebrainme.com/golang_users_repos/5266/fs-watcher/internal/app/fs-syncer/fs_syncer.go:22.13,28.2 1 1
gitlab.rebrainme.com/golang_users_repos/5266/fs-watcher/internal/app/fs-syncer/fs_syncer.go:30.34,32.35 2 1
gitlab.rebrainme.com/golang_users_repos/5266/fs-watcher/internal/app/fs-syncer/fs_syncer.go:32.35,33.39 1 1
gitlab.rebrainme.com/golang_users_repos/5266/fs-watcher/internal/app/fs-syncer/fs_syncer.go:33.39,35.4 1 0
gitlab.rebrainme.com/golang_users_repos/5266/fs-watcher/internal/app/fs-syncer/fs_syncer.go:36.3,39.22 4 1
gitlab.rebrainme.com/golang_users_repos/5266/fs-watcher/internal/app/fs-syncer/fs_syncer.go:40.25,41.65 1 1
gitlab.rebrainme.com/golang_users_repos/5266/fs-watcher/internal/app/fs-syncer/fs_syncer.go:41.65,43.13 2 0
gitlab.rebrainme.com/golang_users_repos/5266/fs-watcher/internal/app/fs-syncer/fs_syncer.go:45.4,45.44 1 1
gitlab.rebrainme.com/golang_users_repos/5266/fs-watcher/internal/app/fs-syncer/fs_syncer.go:46.25,47.67 1 1
gitlab.rebrainme.com/golang_users_repos/5266/fs-watcher/internal/app/fs-syncer/fs_syncer.go:47.67,49.13 2 0
gitlab.rebrainme.com/golang_users_repos/5266/fs-watcher/internal/app/fs-syncer/fs_syncer.go:51.4,51.44 1 1
gitlab.rebrainme.com/golang_users_repos/5266/fs-watcher/internal/app/fs-syncer/fs_syncer.go:52.24,54.85 2 1
gitlab.rebrainme.com/golang_users_repos/5266/fs-watcher/internal/app/fs-syncer/fs_syncer.go:54.85,56.13 2 0
gitlab.rebrainme.com/golang_users_repos/5266/fs-watcher/internal/app/fs-syncer/fs_syncer.go:58.4,58.69 1 1
gitlab.rebrainme.com/golang_users_repos/5266/fs-watcher/internal/app/fs-syncer/fs_syncer.go:59.31,62.18 3 1
gitlab.rebrainme.com/golang_users_repos/5266/fs-watcher/internal/app/fs-syncer/fs_syncer.go:62.18,64.13 2 0
gitlab.rebrainme.com/golang_users_repos/5266/fs-watcher/internal/app/fs-syncer/fs_syncer.go:66.4,67.18 2 1
gitlab.rebrainme.com/golang_users_repos/5266/fs-watcher/internal/app/fs-syncer/fs_syncer.go:67.18,69.13 2 0
gitlab.rebrainme.com/golang_users_repos/5266/fs-watcher/internal/app/fs-syncer/fs_syncer.go:71.4,74.18 1 1
gitlab.rebrainme.com/golang_users_repos/5266/fs-watcher/internal/app/fs-syncer/fs_syncer.go:74.18,76.13 2 0
gitlab.rebrainme.com/golang_users_repos/5266/fs-watcher/internal/app/fs-syncer/fs_syncer.go:78.4,82.5 1 1
gitlab.rebrainme.com/golang_users_repos/5266/fs-watcher/internal/app/fs-syncer/fs_syncer.go:83.11,85.12 2 0
gitlab.rebrainme.com/golang_users_repos/5266/fs-watcher/internal/app/fs-syncer/fs_syncer.go:87.3,87.57 1 1
gitlab.rebrainme.com/golang_users_repos/5266/fs-watcher/internal/app/fs-syncer/fs_syncer.go:89.2,89.12 1 1
gitlab.rebrainme.com/golang_users_repos/5266/fs-watcher/internal/app/fs-syncer/fs_syncer.go:92.27,94.2 1 1
gitlab.rebrainme.com/golang_users_repos/5266/fs-watcher/internal/app/fs-syncer/fs_syncer.go:96.53,112.2 1 1
gitlab.rebrainme.com/golang_users_repos/5266/fs-watcher/internal/app/fs-syncer/fs_syncer.go:114.36,122.2 1 1
gitlab.rebrainme.com/golang_users_repos/5266/fs-watcher/internal/app/fs-syncer/fs_syncer.go:124.45,136.2 1 0
gitlab.rebrainme.com/golang_users_repos/5266/fs-watcher/internal/app/fs-syncer/fs_syncer.go:138.36,146.2 1 1
gitlab.rebrainme.com/golang_users_repos/5266/fs-watcher/internal/app/fs-syncer/fs_syncer.go:148.45,160.2 1 0
gitlab.rebrainme.com/golang_users_repos/5266/fs-watcher/internal/app/fs-syncer/fs_syncer.go:162.74,178.2 1 1
gitlab.rebrainme.com/golang_users_repos/5266/fs-watcher/internal/app/fs-syncer/fs_syncer.go:180.56,192.2 1 0
gitlab.rebrainme.com/golang_users_repos/5266/fs-watcher/internal/app/fs-syncer/fs_syncer.go:194.55,206.2 1 0
gitlab.rebrainme.com/golang_users_repos/5266/fs-watcher/internal/app/fs-syncer/fs_syncer.go:208.70,220.2 1 1
gitlab.rebrainme.com/golang_users_repos/5266/fs-watcher/internal/app/fs-syncer/fs_syncer.go:222.61,230.2 1 0
gitlab.rebrainme.com/golang_users_repos/5266/fs-watcher/internal/app/fs-syncer/fs_syncer.go:232.69,244.2 1 1
gitlab.rebrainme.com/golang_users_repos/5266/fs-watcher/internal/app/fs-syncer/fs_syncer.go:246.65,258.2 1 0
